<!DOCTYPE html PUBLIC "-//W3C//DTD XHTML 1.1//EN" "http://www.w3.org/TR/xhtml11/DTD/xhtml11.dtd">
<html xmlns="http://www.w3.org/1999/xhtml">
<head>
<meta http-equiv="content-type" content="text/html; charset=UTF-8"/>
<title>TestNG Report</title>
<style type="text/css">table {margin-bottom:10px;border-collapse:collapse;empty-cells:show}th,td {border:1px solid #009;padding:.25em .5em}th {vertical-align:bottom}td {vertical-align:top}table a {font-weight:bold}.stripe td {background-color: #E6EBF9}.num {text-align:right}.passedodd td {background-color: #3F3}.passedeven td {background-color: #0A0}.skippedodd td {background-color: #DDD}.skippedeven td {background-color: #CCC}.failedodd td,.attn {background-color: #F33}.failedeven td,.stripe .attn {background-color: #D00}.stacktrace {white-space:pre;font-family:monospace}.totop {font-size:85%;text-align:center;border-bottom:2px solid #000}.invisible {display:none}</style>
</head>
<body>
<table>
<tr><th>Test</th><th># Passed</th><th># Skipped</th><th># Failed</th><th>Time (ms)</th><th>Included Groups</th><th>Excluded Groups</th></tr>
<tr><th colspan="7">ActiTime_RegressionSuite</th></tr>
<tr><td><a href="#t0">SmokeTestGroup</a></td><td class="num">1</td><td class="num attn">1</td><td class="num attn">2</td><td class="num">43,743</td><td></td><td></td></tr>
</table>
<table id='summary'><thead><tr><th>Class</th><th>Method</th><th>Start</th><th>Time (ms)</th></tr></thead><tbody><tr><th colspan="4">ActiTime_RegressionSuite</th></tr></tbody><tbody id="t0"><tr><th colspan="4">SmokeTestGroup &#8212; failed</th></tr><tr class="failedeven"><td rowspan="1">scripts.Demo</td><td><a href="#m0">createUser</a></td><td rowspan="1">1567171004090</td><td rowspan="1">18</td></tr><tr class="failedodd"><td rowspan="1">scripts.TestValidLogin</td><td><a href="#m1">testValidLogin</a></td><td rowspan="1">1567170971702</td><td rowspan="1">15034</td></tr><tr><th colspan="4">SmokeTestGroup &#8212; skipped</th></tr><tr class="skippedeven"><td rowspan="1">scripts.Demo</td><td><a href="#m2">deleteUser</a></td><td rowspan="1">1567171004138</td><td rowspan="1">0</td></tr><tr><th colspan="4">SmokeTestGroup &#8212; passed</th></tr><tr class="passedeven"><td rowspan="1">scripts.TestInvalidLogin</td><td><a href="#m3">testInvalidLogin</a></td><td rowspan="1">1567170995959</td><td rowspan="1">5933</td></tr></tbody>
</table>
<h2>SmokeTestGroup</h2><h3 id="m0">scripts.Demo#createUser</h3><table class="result"><tr><th>Messages</th></tr><tr><td><div class="messages">createUser --> test method is started....<br/>createUser --> test method is FAILED....</div></td></tr><tr><th>Exception</th></tr><tr><td><div class="stacktrace">java.lang.AssertionError: Intentionally failed this createuser method. expected [true] but found [false]
	at scripts.Demo.createUser(Demo.java:9)
... Removed 28 stack frames</div></td></tr></table><p class="totop"><a href="#summary">back to summary</a></p>
<h3 id="m1">scripts.TestValidLogin#testValidLogin</h3><table class="result"><tr><th>Messages</th></tr><tr><td><div class="messages">testValidLogin --> test method is started....<br/>testValidLogin --> test method is FAILED....</div></td></tr><tr><th>Exception</th></tr><tr><td><div class="stacktrace">org.openqa.selenium.TimeoutException: Expected condition failed: waiting for title to be &quot;actiTIME - Enter Time-Track123&quot;. Current title: &quot;actiTIME - Enter Time-Track&quot; (tried for 5 second(s) with 500 milliseconds interval)
Build info: version: &apos;3.141.59&apos;, revision: &apos;e82be7d358&apos;, time: &apos;2018-11-14T08:25:53&apos;
System info: host: &apos;HP&apos;, ip: &apos;192.168.253.1&apos;, os.name: &apos;Windows 10&apos;, os.arch: &apos;amd64&apos;, os.version: &apos;10.0&apos;, java.version: &apos;1.8.0_161&apos;
Driver info: org.openqa.selenium.chrome.ChromeDriver
Capabilities {acceptInsecureCerts: false, browserName: chrome, browserVersion: 76.0.3809.132, chrome: {chromedriverVersion: 75.0.3770.90 (a6dcaf7e3ec6f..., userDataDir: C:\Users\HPWORL~1\AppData\L...}, goog:chromeOptions: {debuggerAddress: localhost:50989}, javascriptEnabled: true, networkConnectionEnabled: false, pageLoadStrategy: normal, platform: XP, platformName: XP, proxy: Proxy(), setWindowRect: true, strictFileInteractability: false, timeouts: {implicit: 0, pageLoad: 300000, script: 30000}, unhandledPromptBehavior: dismiss and notify}
Session ID: c654e79974dff3e931ec9e6a24167372
	at org.openqa.selenium.support.ui.WebDriverWait.timeoutException(WebDriverWait.java:95)
	at org.openqa.selenium.support.ui.FluentWait.until(FluentWait.java:272)
	at scripts.TestValidLogin.testValidLogin(TestValidLogin.java:35)
... Removed 25 stack frames</div></td></tr></table><p class="totop"><a href="#summary">back to summary</a></p>
<h3 id="m2">scripts.Demo#deleteUser</h3><table class="result"><tr><th>Messages</th></tr><tr><td><div class="messages">deleteUser --> test method is SKIPPED....<br/>SmokeTestGroup -->  block finished.....<br/>ActiTime_RegressionSuite --> ended....</div></td></tr><tr><th>Exception</th></tr><tr><td><div class="stacktrace">java.lang.Throwable: Method Demo.deleteUser()[pri:0, instance:scripts.Demo@3e6fa38a] depends on not successfully finished methods
... Removed 18 stack frames</div></td></tr></table><p class="totop"><a href="#summary">back to summary</a></p>
<h3 id="m3">scripts.TestInvalidLogin#testInvalidLogin</h3><table class="result"><tr><th>Messages</th></tr><tr><td><div class="messages">testInvalidLogin --> test method is started....<br/>testInvalidLogin --> test method is PASS....</div></td></tr></table><p class="totop"><a href="#summary">back to summary</a></p>
</body>
</html>
